<?xml version="1.0" encoding="UTF-8"?><testrun duration="866" footerText="Generated by Android Studio on 15:52 21/05/20" name="ExampleUnitTest">
    <count name="total" value="35"/>
    <count name="passed" value="35"/>
    <config nameIsGenerated="true" configId="AndroidJUnit" name="ExampleUnitTest">
        <module name="app"/>
        <extension name="coverage">
            <pattern>
                <option name="PATTERN" value="com.example.newproj.*"/>
                <option name="ENABLED" value="true"/>
            </pattern>
        </extension>
        <option name="PACKAGE_NAME" value="com.example.newproj"/>
        <option name="MAIN_CLASS_NAME" value="com.example.newproj.ExampleUnitTest"/>
        <option name="TEST_OBJECT" value="class"/>
        <option name="WORKING_DIRECTORY" value="$MODULE_DIR$"/>
    </config>
    <root name="ExampleUnitTest" comment="com.example.newproj" location="java:suite://com.example.newproj.ExampleUnitTest">
        <output type="stdout">&amp;quot;C:\Program Files\Android\Android Studio\jre\bin\java.exe&amp;quot; -ea -javaagent:C:\Users\liels\.AndroidStudio3.6\system\testAgent\intellij-coverage-agent-1.0.508.jar=C:\Users\liels\AppData\Local\Temp\coverageargs -Didea.test.cyclic.buffer.size=1048576 &amp;quot;-javaagent:C:\Program Files\Android\Android Studio\lib\idea_rt.jar=53931:C:\Program Files\Android\Android Studio\bin&amp;quot; -Dfile.encoding=UTF-8 -classpath &amp;quot;C:\Program Files\Android\Android Studio\lib\idea_rt.jar;C:\Program Files\Android\Android Studio\plugins\junit\lib\junit-rt.jar;C:\Program Files\Android\Android Studio\plugins\junit\lib\junit5-rt.jar;C:\Users\liels\AppData\Local\Android\Sdk\platforms\android-29\data\res;C:\Users\liels\AndroidStudioProjects\NewProj\app\build\intermediates\javac\debugUnitTest\classes;C:\Users\liels\AndroidStudioProjects\NewProj\app\build\intermediates\javac\debug\classes;C:\Users\liels\AndroidStudioProjects\NewProj\app\build\intermediates\compile_and_runtime_not_namespaced_r_class_jar\debug\R.jar;C:\Users\liels\AndroidStudioProjects\NewProj\app\build\intermediates\unit_test_config_directory\debugUnitTest\out;C:\Users\liels\AndroidStudioProjects\NewProj\app\build\intermediates\compile_and_runtime_not_namespaced_r_class_jar\debugAndroidTest\R.jar;C:\Users\liels\AndroidStudioProjects\NewProj\app\build\generated\res\google-services\debug;C:\Users\liels\.gradle\caches\modules-2\files-2.1\junit\junit\4.12\2973d150c0dc1fefe998f834810d68f278ea58ec\junit-4.12.jar;C:\Users\liels\.gradle\caches\modules-2\files-2.1\org.hamcrest\hamcrest-library\1.3\4785a3c21320980282f9f33d0d1264a69040538f\hamcrest-library-1.3.jar;C:\Users\liels\.gradle\caches\modules-2\files-2.1\org.hamcrest\hamcrest-core\1.3\42a25dc3219429f0e5d060061f71acb49bf010a0\hamcrest-core-1.3.jar;C:\Users\liels\.gradle\caches\modules-2\files-2.1\javax.inject\javax.inject\1\6975da39a7040257bd51d21a231b76c915872d38\javax.inject-1.jar;C:\Users\liels\.gradle\caches\transforms-2\files-2.1\6ca3eca346273a8ecd7cdf6f928b5ad8\monitor-1.2.0\jars\classes.jar;C:\Users\liels\.gradle\caches\modules-2\files-2.1\org.robolectric\robolectric\4.3\66e4550b96285eadcb5a45a21ad6fbe8842fa960\robolectric-4.3.jar;C:\Users\liels\.gradle\caches\modules-2\files-2.1\org.robolectric\shadows-framework\4.3\150103d5732c432906f6130b734e7452855dd67b\shadows-framework-4.3.jar;C:\Users\liels\.gradle\caches\modules-2\files-2.1\org.testng\testng\6.9.6\e6788337be58ddc30c01d0ade783fb06cc825c7c\testng-6.9.6.jar;C:\Users\liels\.gradle\caches\modules-2\files-2.1\com.google.inject\guice\4.0\199b7acaa05b570bbccf31be998f013963e5e752\guice-4.0-no_aop.jar;C:\Users\liels\.gradle\caches\modules-2\files-2.1\org.robolectric\resources\4.3\e40030b0f6808ca378bd2c803713157ee4287ea0\resources-4.3.jar;C:\Users\liels\.gradle\caches\modules-2\files-2.1\org.robolectric\junit\4.3\fcafc9942e8748c8bab832b022672ca21808c492\junit-4.3.jar;C:\Users\liels\.gradle\caches\modules-2\files-2.1\org.robolectric\sandbox\4.3\2302e406aebab5f6843dbf6c2f21952fa86ec26f\sandbox-4.3.jar;C:\Users\liels\.gradle\caches\modules-2\files-2.1\org.robolectric\plugins-maven-dependency-resolver\4.3\b1ea126cb80dbba0c2947be9234bbe2877ce2a09\plugins-maven-dependency-resolver-4.3.jar;C:\Users\liels\.gradle\caches\modules-2\files-2.1\org.robolectric\utils\4.3\97b0331b67d0e1dc8bf50e570b6feb017f62aed1\utils-4.3.jar;C:\Users\liels\.gradle\caches\modules-2\files-2.1\com.google.auto.service\auto-service\1.0-rc4\44954d465f3b9065388bbd2fc08a3eb8fd07917c\auto-service-1.0-rc4.jar;C:\Users\liels\.gradle\caches\modules-2\files-2.1\com.google.auto\auto-common\0.8\c6f7af0e57b9d69d81b05434ef9f3c5610d498c4\auto-common-0.8.jar;C:\Users\liels\.gradle\caches\modules-2\files-2.1\com.google.guava\guava\27.0.1-jre\bd41a290787b5301e63929676d792c507bbc00ae\guava-27.0.1-jre.jar;C:\Users\liels\.gradle\caches\modules-2\files-2.1\com.google.guava\failureaccess\1.0.1\1dcf1de382a0bf95a3d8b0849546c88bac1292c9\failureaccess-1.0.1.jar;C:\Users\liels\.gradle\caches\modules-2\files-2.1\com.google.guava\listenablefuture\9999.0-empty-to-avoid-conflict-with-guava\b421526c5f297295adef1c886e5246c39d4ac629\listenablefuture-9999.0-empty-to-avoid-conflict-with-guava.jar;C:\Users\liels\.gradle\caches\modules-2\files-2.1\org.checkerframework\checker-qual\2.5.2\cea74543d5904a30861a61b4643a5f2bb372efc4\checker-qual-2.5.2.jar;C:\Users\liels\.gradle\caches\modules-2\files-2.1\com.google.android.apps.common.testing.accessibility.framework\accessibility-test-framework\2.1\c2d6267c3ad0435ddf9e27a94a0e0af4ca3fdfbb\accessibility-test-framework-2.1.jar;C:\Users\liels\.gradle\caches\modules-2\files-2.1\org.mockito\mockito-core\1.10.19\e8546f5bef4e061d8dd73895b4e8f40e3fe6effe\mockito-core-1.10.19.jar;C:\Users\liels\.gradle\caches\modules-2\files-2.1\aopalliance\aopalliance\1.0\235ba8b489512805ac13a8f9ea77a1ca5ebe3e8\aopalliance-1.0.jar;C:\Users\liels\.gradle\caches\modules-2\files-2.1\org.beanshell\bsh\2.0b4\a05f0a0feefa8d8467ac80e16e7de071489f0d9c\bsh-2.0b4.jar;C:\Users\liels\.gradle\caches\modules-2\files-2.1\org.robolectric\pluginapi\4.3\128acea3aed3bbe36f8fde865f3a26b920237718\pluginapi-4.3.jar;C:\Users\liels\.gradle\caches\modules-2\files-2.1\org.apache.maven\maven-ant-tasks\2.1.3\b09be554228d66d208e5fef5266844aacf443abc\maven-ant-tasks-2.1.3.jar;C:\Users\liels\.gradle\caches\modules-2\files-2.1\org.apache.ant\ant\1.8.0\7b456ca6b93900f96e58cc8371f03d90a9c1c8d1\ant-1.8.0.jar;C:\Users\liels\.gradle\caches\modules-2\files-2.1\org.apache.ant\ant-launcher\1.8.0\8b53ba16fa62fb1034da8f1de200ddc407c8381\ant-launcher-1.8.0.jar;C:\Users\liels\.gradle\caches\modules-2\files-2.1\com.beust\jcommander\1.48\bfcb96281ea3b59d626704f74bc6d625ff51cbce\jcommander-1.48.jar;C:\Users\liels\.gradle\caches\modules-2\files-2.1\org.yaml\snakeyaml\1.15\3b132bea69e8ee099f416044970997bde80f4ea6\snakeyaml-1.15.jar;C:\Users\liels\.gradle\caches\modules-2\files-2.1\org.robolectric\shadowapi\4.3\81dfcf4a45b623b7744e46358d01c7ce054d0fff\shadowapi-4.3.jar;C:\Users\liels\.gradle\caches\modules-2\files-2.1\org.robolectric\annotations\4.3\3db63d633be908a18db18615b594f824c034ae6d\annotations-4.3.jar;C:\Users\liels\.gradle\caches\modules-2\files-2.1\org.apache.maven\maven-project\2.2.1\8239e98c16f641d55a4ad0e0bab0aee3aff8933f\maven-project-2.2.1.jar;C:\Users\liels\.gradle\caches\modules-2\files-2.1\org.apache.maven\maven-artifact-manager\2.2.1\ec355b913c34d37080810f98e3f51abecbe1572b\maven-artifact-manager-2.2.1.jar;C:\Users\liels\.gradle\caches\modules-2\files-2.1\org.apache.maven\maven-error-diagnostics\2.2.1\e81bb342d7d172f23d108dc8fa979a1facdcde8e\maven-error-diagnostics-2.2.1.jar;C:\Users\liels\.gradle\caches\modules-2\files-2.1\org.apache.maven\maven-settings\2.2.1\2236ffe71fa5f78ce42b0f5fc22c54ed45f14294\maven-settings-2.2.1.jar;C:\Users\liels\.gradle\caches\modules-2\files-2.1\org.apache.maven\maven-profile\2.2.1\3950071587027e5086e9c395574a60650c432738\maven-profile-2.2.1.jar;C:\Users\liels\.gradle\caches\modules-2\files-2.1\org.apache.maven\maven-plugin-registry\2.2.1\72a24b7775649af78f3986b5aa7eb354b9674cfd\maven-plugin-registry-2.2.1.jar;C:\Users\liels\.gradle\caches\modules-2\files-2.1\org.codehaus.plexus\plexus-container-default\1.0-alpha-9-stable-1\94aea3010e250a334d9dab7f591114cd6c767458\plexus-container-default-1.0-alpha-9-stable-1.jar;C:\Users\liels\.gradle\caches\modules-2\files-2.1\classworlds\classworlds\1.1-alpha-2\5adf2e681c57d7f48038b602f3ca2254ee82d47\classworlds-1.1-alpha-2.jar;C:\Users\liels\.gradle\caches\modules-2\files-2.1\org.apache.maven\maven-artifact\2.2.1\23600f790d4dab2cb965419eaa982e3e84c428f8\maven-artifact-2.2.1.jar;C:\Users\liels\.gradle\caches\modules-2\files-2.1\org.apache.maven\maven-model\2.2.1\c0a1c17436ec3ff5a56207c031d82277b4250a29\maven-model-2.2.1.jar;C:\Users\liels\.gradle\caches\modules-2\files-2.1\org.apache.maven.wagon\wagon-file\1.0-beta-6\6c53633505460caf49d2660de1e24744d915afb9\wagon-file-1.0-beta-6.jar;C:\Users\liels\.gradle\caches\modules-2\files-2.1\org.apache.maven.wagon\wagon-http-lightweight\1.0-beta-6\b3815078570c3b1f0667e123d59717c6b726c6c2\wagon-http-lightweight-1.0-beta-6.jar;C:\Users\liels\.gradle\caches\modules-2\files-2.1\org.apache.maven.wagon\wagon-http-shared\1.0-beta-6\ccd70d7e0d8c085e648a83f072da06ca9a53be94\wagon-http-shared-1.0-beta-6.jar;C:\Users\liels\.gradle\caches\modules-2\files-2.1\org.apache.maven.wagon\wagon-provider-api\1.0-beta-6\3f952e0282ae77ae59851d96bb18015e520b6208\wagon-provider-api-1.0-beta-6.jar;C:\Users\liels\.gradle\caches\modules-2\files-2.1\org.apache.maven\maven-repository-metadata\2.2.1\98f0c07fcf1eeb213bef8d9316a9935184084b06\maven-repository-metadata-2.2.1.jar;C:\Users\liels\.gradle\caches\modules-2\files-2.1\org.codehaus.plexus\plexus-utils\1.5.15\c689598ce1eb94c304817877ed15911099972526\plexus-utils-1.5.15.jar;C:\Users\liels\.gradle\caches\modules-2\files-2.1\org.codehaus.plexus\plexus-interpolation\1.11\ad9dddff6043194904ad1d2c00ff1d003c3915f7\plexus-interpolation-1.11.jar;C:\Users\liels\.gradle\caches\modules-2\files-2.1\backport-util-concurrent\backport-util-concurrent\3.1\682f7ac17fed79e92f8e87d8455192b63376347b\backport-util-concurrent-3.1.jar;C:\Users\liels\.gradle\caches\modules-2\files-2.1\nekohtml\xercesMinimal\1.9.6.2\d1c5e063683a0e6f77cd5f051a9d4af48346fa6\xercesMinimal-1.9.6.2.jar;C:\Users\liels\.gradle\caches\modules-2\files-2.1\nekohtml\nekohtml\1.9.6.2\2d960be7b62ae6622dbbbe49ab4ffdc609f85c80\nekohtml-1.9.6.2.jar;C:\Users\liels\.gradle\caches\modules-2\files-2.1\org.robolectric\utils-reflector\4.3\3428887d068b66e33026ac533ae4647355167658\utils-reflector-4.3.jar;C:\Users\liels\.gradle\caches\modules-2\files-2.1\org.ow2.asm\asm-commons\7.0\478006d07b7c561ae3a92ddc1829bca81ae0cdd1\asm-commons-7.0.jar;C:\Users\liels\.gradle\caches\modules-2\files-2.1\org.ow2.asm\asm-util\7.0\18d4d07010c24405129a6dbb0e92057f8779fb9d\asm-util-7.0.jar;C:\Users\liels\.gradle\caches\modules-2\files-2.1\org.ow2.asm\asm-analysis\7.0\4b310d20d6f1c6b7197a75f1b5d69f169bc8ac1f\asm-analysis-7.0.jar;C:\Users\liels\.gradle\caches\modules-2\files-2.1\org.ow2.asm\asm-tree\7.0\29bc62dcb85573af6e62e5b2d735ef65966c4180\asm-tree-7.0.jar;C:\Users\liels\.gradle\caches\modules-2\files-2.1\org.ow2.asm\asm\7.0\d74d4ba0dee443f68fb2dcb7fcdb945a2cd89912\asm-7.0.jar;C:\Users\liels\.gradle\caches\modules-2\files-2.1\javax.annotation\javax.annotation-api\1.3.2\934c04d3cfef185a8008e7bf34331b79730a9d43\javax.annotation-api-1.3.2.jar;C:\Users\liels\.gradle\caches\modules-2\files-2.1\com.almworks.sqlite4java\sqlite4java\0.282\745a7e2f35fdbe6336922e0d492c979dbbfa74fb\sqlite4java-0.282.jar;C:\Users\liels\.gradle\caches\modules-2\files-2.1\com.ibm.icu\icu4j\53.1\786d9055d4ca8c1aab4a7d4ac8283f973fd7e41f\icu4j-53.1.jar;C:\Users\liels\.gradle\caches\modules-2\files-2.1\com.google.protobuf\protobuf-java\2.6.1\d9521f2aecb909835746b7a5facf612af5e890e8\protobuf-java-2.6.1.jar;C:\Users\liels\.gradle\caches\modules-2\files-2.1\org.bouncycastle\bcprov-jdk15on\1.52\88a941faf9819d371e3174b5ed56a3f3f7d73269\bcprov-jdk15on-1.52.jar;C:\Users\liels\.gradle\caches\transforms-2\files-2.1\b5e9cae1bf00444aaccd2c0ad901c133\jetified-core-1.0.0\jars\classes.jar;C:\Users\liels\.gradle\caches\transforms-2\files-2.1\b5e9cae1bf00444aaccd2c0ad901c133\jetified-core-1.0.0\res;C:\Users\liels\.gradle\caches\modules-2\files-2.1\androidx.collection\collection\1.1.0\1f27220b47669781457de0d600849a5de0e89909\collection-1.1.0.jar;C:\Users\liels\.gradle\caches\modules-2\files-2.1\androidx.arch.core\core-common\2.1.0\b3152fc64428c9354344bd89848ecddc09b6f07e\core-common-2.1.0.jar;C:\Users\liels\.gradle\caches\modules-2\files-2.1\androidx.lifecycle\lifecycle-common\2.1.0\c67e7807d9cd6c329b9d0218b2ec4e505dd340b7\lifecycle-common-2.1.0.jar;C:\Users\liels\.gradle\caches\modules-2\files-2.1\androidx.annotation\annotation\1.1.0\e3a6fb2f40e3a3842e6b7472628ba4ce416ea4c8\annotation-1.1.0.jar;C:\Users\liels\.gradle\caches\modules-2\files-2.1\androidx.constraintlayout\constraintlayout-solver\1.1.3\54abe9ffb22cc9019b0b6fcc10f185cc4e67b34e\constraintlayout-solver-1.1.3.jar;C:\Users\liels\.gradle\caches\modules-2\files-2.1\com.google.auto.value\auto-value-annotations\1.6.5\c3dad10377f0e2242c9a4b88e9704eaf79103679\auto-value-annotations-1.6.5.jar;C:\Users\liels\.gradle\caches\modules-2\files-2.1\io.grpc\grpc-protobuf-lite\1.21.0\ba70013e391188c6d6788272b30f6a82671b6f68\grpc-protobuf-lite-1.21.0.jar;C:\Users\liels\.gradle\caches\modules-2\files-2.1\com.google.protobuf\protobuf-lite\3.0.1\59b5b9c6e1a3054696d23492f888c1f8b583f5fc\protobuf-lite-3.0.1.jar;C:\Users\liels\.gradle\caches\modules-2\files-2.1\io.grpc\grpc-okhttp\1.21.0\f51c169b2a6173a1adfece8788ddc3345f6fa0e6\grpc-okhttp-1.21.0.jar;C:\Users\liels\.gradle\caches\modules-2\files-2.1\com.squareup.okhttp\okhttp\2.7.5\7a15a7db50f86c4b64aa3367424a60e3a325b8f1\okhttp-2.7.5.jar;C:\Users\liels\.gradle\caches\modules-2\files-2.1\com.squareup.okhttp3\okhttp\3.10.0\7ef0f1d95bf4c0b3ba30bbae25e0e562b05cf75e\okhttp-3.10.0.jar;C:\Users\liels\.gradle\caches\modules-2\files-2.1\com.squareup.okio\okio\1.14.0\102d7be47241d781ef95f1581d414b0943053130\okio-1.14.0.jar;C:\Users\liels\.gradle\caches\modules-2\files-2.1\io.grpc\grpc-core\1.21.0\578244433f69fbd2a8b5183c528088cc269c9417\grpc-core-1.21.0.jar;C:\Users\liels\.gradle\caches\modules-2\files-2.1\io.opencensus\opencensus-contrib-grpc-metrics\0.21.0\f07d3a325f1fe69ee40d6b409086964edfef4e69\opencensus-contrib-grpc-metrics-0.21.0.jar;C:\Users\liels\.gradle\caches\modules-2\files-2.1\io.opencensus\opencensus-api\0.21.0\73c07fe6458840443f670b21c7bf57657093b4e1\opencensus-api-0.21.0.jar;C:\Users\liels\.gradle\caches\modules-2\files-2.1\io.grpc\grpc-stub\1.21.0\b4bfac72f48316b54a4dd092d4fa89a4dddb923e\grpc-stub-1.21.0.jar;C:\Users\liels\.gradle\caches\modules-2\files-2.1\io.grpc\grpc-api\1.21.0\e52aece5a530c5a64872c6ee1ee7c9e8bf30aed5\grpc-api-1.21.0.jar;C:\Users\liels\.gradle\caches\modules-2\files-2.1\io.grpc\grpc-context\1.21.0\ebe55e07eda31ebc4c0c3228abef3435fa98d516\grpc-context-1.21.0.jar;C:\Users\liels\.gradle\caches\modules-2\files-2.1\com.google.errorprone\error_prone_annotations\2.3.2\d1a0c5032570e0f64be6b4d9c90cdeb103129029\error_prone_annotations-2.3.2.jar;C:\Users\liels\.gradle\caches\modules-2\files-2.1\com.google.code.findbugs\jsr305\3.0.2\25ea2e8b0c338a877313bd4672d3fe056ea78f0d\jsr305-3.0.2.jar;C:\Users\liels\.gradle\caches\modules-2\files-2.1\org.codehaus.mojo\animal-sniffer-annotations\1.17\f97ce6decaea32b36101e37979f8b647f00681fb\animal-sniffer-annotations-1.17.jar;C:\Users\liels\.gradle\caches\modules-2\files-2.1\com.google.guava\guava\26.0-android\ef69663836b339db335fde0df06fb3cd84e3742b\guava-26.0-android.jar;C:\Users\liels\.gradle\caches\modules-2\files-2.1\org.checkerframework\checker-compat-qual\2.5.2\dc0b20906c9e4b9724af29d11604efa574066892\checker-compat-qual-2.5.2.jar;C:\Users\liels\.gradle\caches\modules-2\files-2.1\com.google.j2objc\j2objc-annotations\1.1\ed28ded51a8b1c6b112568def5f4b455e6809019\j2objc-annotations-1.1.jar;C:\Users\liels\.gradle\caches\modules-2\files-2.1\com.google.code.gson\gson\2.7\751f548c85fa49f330cecbb1875893f971b33c4e\gson-2.7.jar;C:\Users\liels\.gradle\caches\modules-2\files-2.1\com.google.android\annotations\4.1.1.4\a1678ba907bf92691d879fef34e1a187038f9259\annotations-4.1.1.4.jar;C:\Users\liels\.gradle\caches\modules-2\files-2.1\com.github.bumptech.glide\disklrucache\4.11.0\ed93d2e20549ad85f692d964788ec77520d78a8b\disklrucache-4.11.0.jar;C:\Users\liels\.gradle\caches\modules-2\files-2.1\com.github.bumptech.glide\annotations\4.11.0\c57bae5a18147f8ae22f4da49baac875c6b6f84f\annotations-4.11.0.jar;C:\Users\liels\.gradle\caches\transforms-2\files-2.1\8d1bc7e6c02e2985b97177e18e0fcee7\multidex-2.0.0\jars\classes.jar;C:\Users\liels\.gradle\caches\transforms-2\files-2.1\72755d8593c3ca1ed00b11907b10c688\appcompat-1.1.0\jars\classes.jar;C:\Users\liels\.gradle\caches\transforms-2\files-2.1\72755d8593c3ca1ed00b11907b10c688\appcompat-1.1.0\res;C:\Users\liels\.gradle\caches\transforms-2\files-2.1\13154fab687b288ed9aef6894a4a20b6\jetified-firebase-firestore-21.4.1\jars\classes.jar;C:\Users\liels\.gradle\caches\transforms-2\files-2.1\8ad4e1ffea3e5c78db0912db37bdac9c\jetified-firebase-storage-19.1.1\jars\classes.jar;C:\Users\liels\.gradle\caches\transforms-2\files-2.1\9e025505c94c04007a8190f74982d1e9\cardview-1.0.0\jars\classes.jar;C:\Users\liels\.gradle\caches\transforms-2\files-2.1\9e025505c94c04007a8190f74982d1e9\cardview-1.0.0\res;C:\Users\liels\.gradle\caches\transforms-2\files-2.1\c9394975395071293fee2b344e75bc68\jetified-picasso-2.71828\jars\classes.jar;C:\Users\liels\.gradle\caches\transforms-2\files-2.1\c848c62bfcae3f04351f6536eae6ec04\jetified-glide-4.11.0\jars\classes.jar;C:\Users\liels\.gradle\caches\transforms-2\files-2.1\c848c62bfcae3f04351f6536eae6ec04\jetified-glide-4.11.0\res;C:\Users\liels\.gradle\caches\transforms-2\files-2.1\92a9eed7bec865418cbf603ac380e877\jetified-firebase-auth-interop-18.0.0\jars\classes.jar;C:\Users\liels\.gradle\caches\transforms-2\files-2.1\78d35203614433f57bd71fa2fd607863\jetified-firebase-database-collection-17.0.1\jars\classes.jar;C:\Users\liels\.gradle\caches\transforms-2\files-2.1\38b6c4b545e39be84f8fef63d737cf6b\jetified-play-services-base-17.0.0\jars\classes.jar;C:\Users\liels\.gradle\caches\transforms-2\files-2.1\38b6c4b545e39be84f8fef63d737cf6b\jetified-play-services-base-17.0.0\res;C:\Users\liels\.gradle\caches\transforms-2\files-2.1\1b23a58bb1c539c2a19df1b0920c32b5\jetified-firebase-common-19.3.0\jars\classes.jar;C:\Users\liels\.gradle\caches\transforms-2\files-2.1\ff919aa2adc3061f3daede0df598b5f3\jetified-play-services-tasks-17.0.0\jars\classes.jar;C:\Users\liels\.gradle\caches\transforms-2\files-2.1\f720b24cc490c109d50c0a0a1e6bf186\jetified-play-services-basement-17.0.0\jars\classes.jar;C:\Users\liels\.gradle\caches\transforms-2\files-2.1\f720b24cc490c109d50c0a0a1e6bf186\jetified-play-services-basement-17.0.0\res;C:\Users\liels\.gradle\caches\transforms-2\files-2.1\f6a20730590ab62e2149b3f2118fc4f7\fragment-1.1.0\jars\classes.jar;C:\Users\liels\.gradle\caches\transforms-2\files-2.1\b04599de2daa334d543a60c24c9af47d\jetified-appcompat-resources-1.1.0\jars\classes.jar;C:\Users\liels\.gradle\caches\transforms-2\files-2.1\b04599de2daa334d543a60c24c9af47d\jetified-appcompat-resources-1.1.0\res;C:\Users\liels\.gradle\caches\transforms-2\files-2.1\709dec39ab4d41e4eaebf9d7dbe74e41\drawerlayout-1.0.0\jars\classes.jar;C:\Users\liels\.gradle\caches\transforms-2\files-2.1\ec2ff2d2f35f5ce21d8f3a2cd566b74c\viewpager-1.0.0\jars\classes.jar;C:\Users\liels\.gradle\caches\transforms-2\files-2.1\33987a6c2abb97d3a5dc8363aa39ad35\loader-1.0.0\jars\classes.jar;C:\Users\liels\.gradle\caches\transforms-2\files-2.1\778008f0324b525fd9b227724bac745f\jetified-activity-1.0.0\jars\classes.jar;C:\Users\liels\.gradle\caches\transforms-2\files-2.1\4339a1db68a86092531ac27a7672e57d\vectordrawable-animated-1.1.0\jars\classes.jar;C:\Users\liels\.gradle\caches\transforms-2\files-2.1\21e18b66e86534a7ba2f091590864e61\vectordrawable-1.1.0\jars\classes.jar;C:\Users\liels\.gradle\caches\transforms-2\files-2.1\faf6750b30e085dada05d5bf2b630089\customview-1.0.0\jars\classes.jar;C:\Users\liels\.gradle\caches\transforms-2\files-2.1\f961a727fd6ff1bec6d760c391cc6822\core-1.1.0\jars\classes.jar;C:\Users\liels\.gradle\caches\transforms-2\files-2.1\f961a727fd6ff1bec6d760c391cc6822\core-1.1.0\res;C:\Users\liels\.gradle\caches\transforms-2\files-2.1\fd87986aa651fe7c3128c0b95293c012\cursoradapter-1.0.0\jars\classes.jar;C:\Users\liels\.gradle\caches\transforms-2\files-2.1\69ad70deb7fc3872e7a51cd7de424a87\versionedparcelable-1.1.0\jars\classes.jar;C:\Users\liels\.gradle\caches\transforms-2\files-2.1\28950d5ca212ff0c86ed1244329056eb\jetified-firebase-components-16.0.0\jars\classes.jar;C:\Users\liels\.gradle\caches\transforms-2\files-2.1\448ad5636d84a77758d1f5390643618a\exifinterface-1.0.0\jars\classes.jar;C:\Users\liels\.gradle\caches\transforms-2\files-2.1\cc22061029568e927a90b39fd84bc307\jetified-gifdecoder-4.11.0\jars\classes.jar;C:\Users\liels\.gradle\caches\transforms-2\files-2.1\058a364b06d9011467e5efaaa1ab266f\lifecycle-viewmodel-2.1.0\jars\classes.jar;C:\Users\liels\.gradle\caches\transforms-2\files-2.1\c7e64f6181ef9b2b223b47bd6635a3b3\interpolator-1.0.0\jars\classes.jar;C:\Users\liels\.gradle\caches\transforms-2\files-2.1\8afb13b33fd0950ef40834a78e555523\lifecycle-runtime-2.1.0\jars\classes.jar;C:\Users\liels\.gradle\caches\transforms-2\files-2.1\ffd0aa10f2a787335b333d5b793ff3d9\jetified-savedstate-1.0.0\jars\classes.jar;C:\Users\liels\.gradle\caches\transforms-2\files-2.1\dcf4af4213d59bd5fe489359c2b51b96\lifecycle-livedata-2.0.0\jars\classes.jar;C:\Users\liels\.gradle\caches\transforms-2\files-2.1\e5f4ab83b7154d8dd7689c213d4008f9\lifecycle-livedata-core-2.0.0\jars\classes.jar;C:\Users\liels\.gradle\caches\transforms-2\files-2.1\3ad98f043f0e278e1b4f445317842885\core-runtime-2.0.0\jars\classes.jar;C:\Users\liels\.gradle\caches\transforms-2\files-2.1\65c09879886c04dd03c37ecd65c89ae1\constraintlayout-1.1.3\jars\classes.jar;C:\Users\liels\.gradle\caches\transforms-2\files-2.1\65c09879886c04dd03c37ecd65c89ae1\constraintlayout-1.1.3\res;C:\Users\liels\.gradle\caches\transforms-2\files-2.1\9b6fcc30da8d4d18e3efe61e9ccf3b58\jetified-protolite-well-known-types-17.0.0\jars\classes.jar;C:\Users\liels\.gradle\caches\transforms-2\files-2.1\d10c1748f6272b90f813c777e522a0f6\jetified-grpc-android-1.21.0\jars\classes.jar;C:\Users\liels\.gradle\caches\transforms-2\files-2.1\b83093d7160cac6f58228c6198882b43\jetified-circleimageview-3.1.0\jars\classes.jar;C:\Users\liels\.gradle\caches\transforms-2\files-2.1\b83093d7160cac6f58228c6198882b43\jetified-circleimageview-3.1.0\res;C:\Users\liels\.gradle\caches\modules-2\files-2.1\org.objenesis\objenesis\2.1\87c0ea803b69252868d09308b4618f766f135a96\objenesis-2.1.jar;C:\Users\liels\AndroidStudioProjects\NewProj\app\build\intermediates\java_res\debugUnitTest\out;C:\Users\liels\AndroidStudioProjects\NewProj\app\build\intermediates\java_res\debug\out;C:\Users\liels\.gradle\caches\transforms-2\files-2.1\0585cde660f332263cae0f85295ea9e8\android.jar&amp;quot; com.intellij.rt.execution.junit.JUnitStarter -ideVersion5 -junit4 com.example.newproj.ExampleUnitTest
</output>
        <output type="stdout">---- IntelliJ IDEA coverage runner ---- 
sampling ...
include patterns:
com\.example\.newproj\..*
exclude patterns:
Class transformation time: 0.1420092s for 507 classes or 2.8009704142011835E-4s per class
</output>
        <output type="stdout">Process finished with exit code 0
</output>
    </root>
    <test duration="376" locationUrl="java:test://com.example.newproj.ExampleUnitTest/adminRemoveUser_isParticipate" name="ExampleUnitTest.adminRemoveUser_isParticipate" status="passed">
        <output type="stdout"/>
    </test>
    <test duration="16" locationUrl="java:test://com.example.newproj.ExampleUnitTest/adminSignUp_passwordLengthFailed" name="ExampleUnitTest.adminSignUp_passwordLengthFailed" status="passed">
        <output type="stdout"/>
    </test>
    <test duration="9" locationUrl="java:test://com.example.newproj.ExampleUnitTest/signUpValidation_lastNamePatternFaild" name="ExampleUnitTest.signUpValidation_lastNamePatternFaild" status="passed">
        <output type="stdout"/>
    </test>
    <test duration="7" locationUrl="java:test://com.example.newproj.ExampleUnitTest/loginValidation_emptyPassword" name="ExampleUnitTest.loginValidation_emptyPassword" status="passed">
        <output type="stdout"/>
    </test>
    <test duration="29" locationUrl="java:test://com.example.newproj.ExampleUnitTest/getTimeFormat_fail" name="ExampleUnitTest.getTimeFormat_fail" status="passed">
        <output type="stdout"/>
    </test>
    <test duration="35" locationUrl="java:test://com.example.newproj.ExampleUnitTest/updateValidation_lastNameLengthFailed" name="ExampleUnitTest.updateValidation_lastNameLengthFailed" status="passed">
        <output type="stdout"/>
    </test>
    <test duration="14" locationUrl="java:test://com.example.newproj.ExampleUnitTest/setDateTime_fail" name="ExampleUnitTest.setDateTime_fail" status="passed">
        <output type="stdout"/>
    </test>
    <test duration="0" locationUrl="java:test://com.example.newproj.ExampleUnitTest/setDateTime_pass" name="ExampleUnitTest.setDateTime_pass" status="passed">
        <output type="stdout"/>
    </test>
    <test duration="41" locationUrl="java:test://com.example.newproj.ExampleUnitTest/isFriend_notfriend" name="ExampleUnitTest.isFriend_notfriend" status="passed">
        <output type="stdout"/>
    </test>
    <test duration="0" locationUrl="java:test://com.example.newproj.ExampleUnitTest/updateValidation_namePatternFailed" name="ExampleUnitTest.updateValidation_namePatternFailed" status="passed">
        <output type="stdout"/>
    </test>
    <test duration="1" locationUrl="java:test://com.example.newproj.ExampleUnitTest/signUpValidation_ageEmptyFailed" name="ExampleUnitTest.signUpValidation_ageEmptyFailed" status="passed">
        <output type="stdout"/>
    </test>
    <test duration="0" locationUrl="java:test://com.example.newproj.ExampleUnitTest/updateValidation_dogTypeLengthFailed" name="ExampleUnitTest.updateValidation_dogTypeLengthFailed" status="passed">
        <output type="stdout"/>
    </test>
    <test duration="265" locationUrl="java:test://com.example.newproj.ExampleUnitTest/iAmOwner_owner" name="ExampleUnitTest.iAmOwner_owner" status="passed">
        <output type="stdout"/>
    </test>
    <test duration="30" locationUrl="java:test://com.example.newproj.ExampleUnitTest/adminEditUser_ageEmptyFailed" name="ExampleUnitTest.adminEditUser_ageEmptyFailed" status="passed">
        <output type="stdout"/>
    </test>
    <test duration="14" locationUrl="java:test://com.example.newproj.ExampleUnitTest/isFriendsValidation" name="ExampleUnitTest.isFriendsValidation" status="passed">
        <output type="stdout"/>
    </test>
    <test duration="0" locationUrl="java:test://com.example.newproj.ExampleUnitTest/isFriends_Pass" name="ExampleUnitTest.isFriends_Pass" status="passed">
        <output type="stdout"/>
    </test>
    <test duration="0" locationUrl="java:test://com.example.newproj.ExampleUnitTest/adminSignUp_emailPatternFailed" name="ExampleUnitTest.adminSignUp_emailPatternFailed" status="passed">
        <output type="stdout"/>
    </test>
    <test duration="1" locationUrl="java:test://com.example.newproj.ExampleUnitTest/signUpValidation_nameLengthFaild" name="ExampleUnitTest.signUpValidation_nameLengthFaild" status="passed">
        <output type="stdout"/>
    </test>
    <test duration="0" locationUrl="java:test://com.example.newproj.ExampleUnitTest/signUpValidation_emailPatternFailed" name="ExampleUnitTest.signUpValidation_emailPatternFailed" status="passed">
        <output type="stdout"/>
    </test>
    <test duration="2" locationUrl="java:test://com.example.newproj.ExampleUnitTest/signUpValidation_passwordLengthFailed" name="ExampleUnitTest.signUpValidation_passwordLengthFailed" status="passed">
        <output type="stdout"/>
    </test>
    <test duration="6" locationUrl="java:test://com.example.newproj.ExampleUnitTest/adminAllUsers_isNotAdmin" name="ExampleUnitTest.adminAllUsers_isNotAdmin" status="passed">
        <output type="stdout"/>
    </test>
    <test duration="0" locationUrl="java:test://com.example.newproj.ExampleUnitTest/isRequested_notinrequst" name="ExampleUnitTest.isRequested_notinrequst" status="passed">
        <output type="stdout"/>
    </test>
    <test duration="3" locationUrl="java:test://com.example.newproj.ExampleUnitTest/updateValidation_dogNamePatternFailed" name="ExampleUnitTest.updateValidation_dogNamePatternFailed" status="passed">
        <output type="stdout"/>
    </test>
    <test duration="0" locationUrl="java:test://com.example.newproj.ExampleUnitTest/loginValidation_emptyEmail" name="ExampleUnitTest.loginValidation_emptyEmail" status="passed">
        <output type="stdout"/>
    </test>
    <test duration="0" locationUrl="java:test://com.example.newproj.ExampleUnitTest/getTimeForamt_pass" name="ExampleUnitTest.getTimeForamt_pass" status="passed">
        <output type="stdout"/>
    </test>
    <test duration="0" locationUrl="java:test://com.example.newproj.ExampleUnitTest/updateValidation_ageEmptyFailed" name="ExampleUnitTest.updateValidation_ageEmptyFailed" status="passed">
        <output type="stdout"/>
    </test>
    <test duration="0" locationUrl="java:test://com.example.newproj.ExampleUnitTest/updateValidation_correct" name="ExampleUnitTest.updateValidation_correct" status="passed">
        <output type="stdout"/>
    </test>
    <test duration="1" locationUrl="java:test://com.example.newproj.ExampleUnitTest/signUpValidation_correct" name="ExampleUnitTest.signUpValidation_correct" status="passed">
        <output type="stdout"/>
    </test>
    <test duration="0" locationUrl="java:test://com.example.newproj.ExampleUnitTest/isRequested_inRequset" name="ExampleUnitTest.isRequested_inRequset" status="passed">
        <output type="stdout"/>
    </test>
    <test duration="0" locationUrl="java:test://com.example.newproj.ExampleUnitTest/isFriend_arefriends" name="ExampleUnitTest.isFriend_arefriends" status="passed">
        <output type="stdout"/>
    </test>
    <test duration="0" locationUrl="java:test://com.example.newproj.ExampleUnitTest/adminAllUsers_isAdmin" name="ExampleUnitTest.adminAllUsers_isAdmin" status="passed">
        <output type="stdout"/>
    </test>
    <test duration="0" locationUrl="java:test://com.example.newproj.ExampleUnitTest/iAmOwner_notOwner" name="ExampleUnitTest.iAmOwner_notOwner" status="passed">
        <output type="stdout"/>
    </test>
    <test duration="0" locationUrl="java:test://com.example.newproj.ExampleUnitTest/adminRemoveUser_isNotParticipate" name="ExampleUnitTest.adminRemoveUser_isNotParticipate" status="passed">
        <output type="stdout"/>
    </test>
    <test duration="16" locationUrl="java:test://com.example.newproj.ExampleUnitTest/fill_friend_Ditails_Test" name="ExampleUnitTest.fill_friend_Ditails_Test" status="passed">
        <output type="stdout"/>
    </test>
    <test duration="0" locationUrl="java:test://com.example.newproj.ExampleUnitTest/adminEditUser_firstNamePatternFailed" name="ExampleUnitTest.adminEditUser_firstNamePatternFailed" status="passed">
        <output type="stdout"/>
    </test>
</testrun>
